==12351== Memcheck, a memory error detector
==12351== Copyright (C) 2002-2013, and GNU GPL'd, by Julian Seward et al.
==12351== Using Valgrind-3.9.0 and LibVEX; rerun with -h for copyright info
==12351== Command: ./spellchk -n -d user.dict test3.in
==12351== 
test3.in: 3: eye
test3.in: 3: halve
test3.in: 3: a
test3.in: 4: it
test3.in: 4: came
test3.in: 4: with
test3.in: 4: my
test3.in: 4: pea
test3.in: 4: sea
test3.in: 5: it
test3.in: 5: four
test3.in: 5: my
test3.in: 6: miss
test3.in: 6: eye
test3.in: 6: kin
test3.in: 6: knot
test3.in: 6: sea
test3.in: 8: eye
test3.in: 8: strike
test3.in: 8: a
test3.in: 8: quay
test3.in: 8: and
test3.in: 8: type
test3.in: 8: a
test3.in: 8: word
test3.in: 9: and
test3.in: 9: weight
test3.in: 9: four
test3.in: 9: it
test3.in: 9: two
test3.in: 9: say
test3.in: 10: weather
test3.in: 10: eye
test3.in: 10: am
test3.in: 10: wrong
test3.in: 10: oar
test3.in: 10: rite
test3.in: 11: it
test3.in: 11: me
test3.in: 11: strait
test3.in: 11: a
test3.in: 11: weigh
test3.in: 13: as
test3.in: 13: soon
test3.in: 13: as
test3.in: 13: a
test3.in: 13: mist
test3.in: 13: ache
test3.in: 13: is
test3.in: 13: maid
test3.in: 14: it
test3.in: 14: nose
test3.in: 14: bee
test3.in: 14: fore
test3.in: 14: two
test3.in: 14: long
test3.in: 15: and
test3.in: 15: eye
test3.in: 15: can
test3.in: 15: put
test3.in: 15: the
test3.in: 15: error
test3.in: 15: rite
test3.in: 16: rare
test3.in: 16: lea
test3.in: 16: ever
test3.in: 16: wrong
test3.in: 18: eye
test3.in: 18: have
test3.in: 18: run
test3.in: 18: this
test3.in: 18: poem
test3.in: 18: threw
test3.in: 18: it
test3.in: 19: eye
test3.in: 19: am
test3.in: 19: shore
test3.in: 19: your
test3.in: 19: pleased
test3.in: 19: two
test3.in: 19: no
test3.in: 20: perfect
test3.in: 20: all
test3.in: 20: the
test3.in: 20: weigh
test3.in: 21: my
test3.in: 21: me
test3.in: 21: sew
test3.in: 23: this
test3.in: 23: word
test3.in: 23: is
test3.in: 23: but
test3.in: 23: in
test3.in: 23: the
test3.in: 24: v
==12351== 
==12351== HEAP SUMMARY:
==12351==     in use at exit: 749 bytes in 36 blocks
==12351==   total heap usage: 65 allocs, 29 frees, 19,223 bytes allocated
==12351== 
==12351== 32 bytes in 2 blocks are definitely lost in loss record 2 of 9
==12351==    at 0x4A06AAA: malloc (in /opt/rh/devtoolset-2/root/usr/lib64/valgrind/vgpreload_memcheck-amd64-linux.so)
==12351==    by 0x4013D5: sizedup (hashset.c:64)
==12351==    by 0x40195F: put_hashset (hashset.c:160)
==12351==    by 0x401D24: load_dictionary (spellchk.c:77)
==12351==    by 0x401EE8: main (spellchk.c:125)
==12351== 
==12351== 32 bytes in 2 blocks are definitely lost in loss record 3 of 9
==12351==    at 0x4A06AAA: malloc (in /opt/rh/devtoolset-2/root/usr/lib64/valgrind/vgpreload_memcheck-amd64-linux.so)
==12351==    by 0x4013E3: sizedup (hashset.c:65)
==12351==    by 0x40195F: put_hashset (hashset.c:160)
==12351==    by 0x401D24: load_dictionary (spellchk.c:77)
==12351==    by 0x401EE8: main (spellchk.c:125)
==12351== 
==12351== 32 bytes in 2 blocks are definitely lost in loss record 4 of 9
==12351==    at 0x4A06AAA: malloc (in /opt/rh/devtoolset-2/root/usr/lib64/valgrind/vgpreload_memcheck-amd64-linux.so)
==12351==    by 0x4013F1: sizedup (hashset.c:66)
==12351==    by 0x40195F: put_hashset (hashset.c:160)
==12351==    by 0x401D24: load_dictionary (spellchk.c:77)
==12351==    by 0x401EE8: main (spellchk.c:125)
==12351== 
==12351== 32 bytes in 2 blocks are definitely lost in loss record 5 of 9
==12351==    at 0x4A06AAA: malloc (in /opt/rh/devtoolset-2/root/usr/lib64/valgrind/vgpreload_memcheck-amd64-linux.so)
==12351==    by 0x4013FF: sizedup (hashset.c:67)
==12351==    by 0x40195F: put_hashset (hashset.c:160)
==12351==    by 0x401D24: load_dictionary (spellchk.c:77)
==12351==    by 0x401EE8: main (spellchk.c:125)
==12351== 
==12351== 45 (32 direct, 13 indirect) bytes in 2 blocks are definitely lost in loss record 6 of 9
==12351==    at 0x4A06AAA: malloc (in /opt/rh/devtoolset-2/root/usr/lib64/valgrind/vgpreload_memcheck-amd64-linux.so)
==12351==    by 0x40189A: put_hashset (hashset.c:145)
==12351==    by 0x401D24: load_dictionary (spellchk.c:77)
==12351==    by 0x401EE8: main (spellchk.c:125)
==12351== 
==12351== 120 bytes in 1 blocks are definitely lost in loss record 7 of 9
==12351==    at 0x4A06AAA: malloc (in /opt/rh/devtoolset-2/root/usr/lib64/valgrind/vgpreload_memcheck-amd64-linux.so)
==12351==    by 0x4011E7: new_hashset (hashset.c:32)
==12351==    by 0x401E9E: main (spellchk.c:119)
==12351== 
==12351== 208 bytes in 22 blocks are definitely lost in loss record 8 of 9
==12351==    at 0x4A06AAA: malloc (in /opt/rh/devtoolset-2/root/usr/lib64/valgrind/vgpreload_memcheck-amd64-linux.so)
==12351==    by 0x36E0080E91: strdup (in /lib64/libc-2.12.so)
==12351==    by 0x40186D: put_hashset (hashset.c:143)
==12351==    by 0x401D24: load_dictionary (spellchk.c:77)
==12351==    by 0x401EE8: main (spellchk.c:125)
==12351== 
==12351== 248 bytes in 1 blocks are definitely lost in loss record 9 of 9
==12351==    at 0x4A06AAA: malloc (in /opt/rh/devtoolset-2/root/usr/lib64/valgrind/vgpreload_memcheck-amd64-linux.so)
==12351==    by 0x4013C7: sizedup (hashset.c:63)
==12351==    by 0x40195F: put_hashset (hashset.c:160)
==12351==    by 0x401D24: load_dictionary (spellchk.c:77)
==12351==    by 0x401EE8: main (spellchk.c:125)
==12351== 
==12351== LEAK SUMMARY:
==12351==    definitely lost: 736 bytes in 34 blocks
==12351==    indirectly lost: 13 bytes in 2 blocks
==12351==      possibly lost: 0 bytes in 0 blocks
==12351==    still reachable: 0 bytes in 0 blocks
==12351==         suppressed: 0 bytes in 0 blocks
==12351== 
==12351== For counts of detected and suppressed errors, rerun with: -v
==12351== ERROR SUMMARY: 8 errors from 8 contexts (suppressed: 6 from 6)
