  6 "ABE" "Allentown-Bethlehem-Easton International" null null
  5 "ABQ" "Albuquerque International" treemap$tree@10115870 treemap$tree@62c5294d
  6 "AGC" "Pittsburgh/Allegheny County" null null
  4 "AIY" "Atlantic City International" treemap$tree@7e1ab0e3 treemap$tree@a5347c3
  6 "ANC" "Anchorage International" null null
  5 "ATL" "Atlanta William B. Hartsfield International" treemap$tree@618c5880 treemap$tree@45066d88
  6 "AUS" "Austin Robert Mueller Municipal" null treemap$tree@29011f1f
  7 "AVL" "Asheville (NC) Regional" null null
  3 "BDL" "Hartford/Springfield Bradley International" treemap$tree@8a24141 treemap$tree@546a16d4
  6 "BFI" "Seattle Kings County International/Boeing Field" null null
  5 "BGR" "Bangor International" treemap$tree@100e398 treemap$tree@615e10ab
  6 "BHM" "Birmingham Municipal" null null
  4 "BIL" "Billings Logan International" treemap$tree@66987c7d treemap$tree@2515272a
  6 "BIS" "Bismarck Municipal" null null
  5 "BKL" "Cleveland Lakefront" treemap$tree@fbe496b treemap$tree@15c617e0
  6 "BNA" "Nashville Metro" null treemap$tree@497e4b
  7 "BOI" "Boise Air Terminal/Gowen Field" null null
  2 "BOS" "Boston Logan International" treemap$tree@59026e12 treemap$tree@2e888d65
  6 "BTR" "Baton Rouge" null null
  5 "BTV" "Burlington International" treemap$tree@6faf9c1 treemap$tree@4722f17b
  6 "BUF" "Buffalo International" null null
  4 "BUR" "Burbank/Glendale/Pasadena" treemap$tree@471be6b9 treemap$tree@78c8a027
  6 "BWI" "Baltimore-Washington International" null null
  5 "CAE" "Columbia (SC) Metropolitan" treemap$tree@3b8a9e64 treemap$tree@9a4d5c6
  6 "CAK" "Akron/Canton Regional" null treemap$tree@24cebf1c
  7 "CGX" "Chicago Merrill C. Meigs Field" null null
  3 "CHS" "Charleston (SC) International" treemap$tree@164da25 treemap$tree@42db3da
  6 "CLE" "Cleveland-Hopkins International" null null
  5 "CLT" "Charlotte/Douglas International" treemap$tree@547aaf5a treemap$tree@428e690a
  6 "CMH" "Columbus (OH) International" null treemap$tree@139231a9
  7 "CPR" "Casper/Natrone County International" null null
  4 "CRM" "Charleston (WV) Yeager" treemap$tree@62fa5848 treemap$tree@21ba11bc
  6 "CRP" "Corpus Christi International" null null
  5 "CVG" "Cincinnati International" treemap$tree@3ee25ef0 treemap$tree@7fc6fed0
  6 "CYS" "Cheyenne" null treemap$tree@61834b39
  7 "DAL" "Dallas Love Field" null null
  1 "DAY" "Dayton James M. Cox International" treemap$tree@72bfbd32 treemap$tree@a1e5879
  6 "DCA" "Washington National" null null
  5 "DEN" "Denver Stapleton International" treemap$tree@4e42751f treemap$tree@6d176e5c
  6 "DET" "Detroit City" null null
  4 "DFW" "Dallas-Ft. Worth International" treemap$tree@1d4e91f8 treemap$tree@11513fd0
  6 "DSM" "Des Moines International" null null
  5 "DTW" "Detroit Metropolitan/Wayne County" treemap$tree@6d347991 treemap$tree@1019569a
  6 "ELP" "El Paso International" null treemap$tree@6f84a0b7
  7 "EWR" "Newark International" null null
  3 "EYW" "Key West International" treemap$tree@6c538793 treemap$tree@5fe9fb74
  6 "FAI" "Fairbanks International" null null
  5 "FAR" "Fargo Hector International" treemap$tree@7a7baddd treemap$tree@4dd3c6fd
  6 "FAT" "Fresno Air Terminal" null null
  4 "FLL" "Ft. Lauderdale-Hollywood International" treemap$tree@aad33f6 treemap$tree@712e60f3
  6 "FOE" "Topeka Forbes Field" null null
  5 "FSD" "Sioux Falls Regional" treemap$tree@1bdf2b92 treemap$tree@58a58c89
  6 "FWA" "Ft. Wayne Allen County" null treemap$tree@5cada3d6
  7 "GEG" "Spokane International" null null
  2 "GRR" "Grand Rapids/Kent County International" treemap$tree@bdf6623 treemap$tree@77aa89eb
  6 "GSO" "Greensboro-High Pt.-Winston Salem Regional" null null
  5 "HNL" "Honolulu International" treemap$tree@5d44e0ad treemap$tree@54faadb1
  6 "HOT" "Hot Springs Memorial Field" null null
  4 "HOU" "Houston William P. Hobby" treemap$tree@15a16b0d treemap$tree@187b2d93
  6 "HPN" "White Plains/Westchester County" null null
  5 "HUF" "Terre Haute Hulman Regional" treemap$tree@3eed1a73 treemap$tree@4063944b
  6 "HVN" "New Haven Tweed" null treemap$tree@499ce8f3
  7 "IAD" "Washington Dulles" null null
  3 "IAH" "Houston Intercontinental" treemap$tree@5c81cf46 treemap$tree@4e4f2c1c
  6 "ICT" "Wichita Mid-Continent" null null
  5 "ILG" "Wilmington/New Castle County" treemap$tree@2fd90a6e treemap$tree@523bd44c
  6 "IND" "Indianapolis International" null treemap$tree@55eef3c1
  7 "INT" "Winston-Salem Smith Reynolds" null null
  4 "ITH" "Ithaca Tompkins County" treemap$tree@3ac52ffa treemap$tree@67d0e43a
  6 "ITO" "Hilo General Lyman Field" null null
  5 "JAN" "Jackson Municipal/Thompson Field" treemap$tree@4337d115 treemap$tree@57fdc2d
  6 "JAX" "Jacksonville (FL) International" null treemap$tree@d50112d
  7 "JFK" "New York John F. Kennedy International" null null
  0 "JNU" "Juneau International" treemap$tree@397a82f treemap$tree@59a2a780
  6 "KOA" "Kailua-Kona Keahole (HI)" null null
  5 "LAN" "Lansing Capital City" treemap$tree@45a2f279 treemap$tree@4cdd09a6
  6 "LAS" "Las Vegas McCarran International" null null
  4 "LAX" "Los Angeles International" treemap$tree@43a498b6 treemap$tree@6b25f76b
  6 "LGA" "New York La Guardia" null null
  5 "LGB" "Long Beach Daugherty Field" treemap$tree@996c8c2 treemap$tree@a563d79
  6 "LIH" "Lihue (HI)" null treemap$tree@23ddd83c
  7 "LIT" "Little Rock Regional" null null
  3 "LNK" "Lincoln Municipal" treemap$tree@399f5d89 treemap$tree@db5eaed
  6 "MBS" "Saginaw Tri-City" null null
  5 "MCI" "Kansas City International" treemap$tree@225274a3 treemap$tree@53678aef
  6 "MCO" "Orlando International" null null
  4 "MDT" "Harrisburg International" treemap$tree@32d27bb0 treemap$tree@18b679e1
  6 "MDW" "Chicago Midway" null null
  5 "MEM" "Memphis International" treemap$tree@73fbaf73 treemap$tree@10bbe282
  6 "MGM" "Montgomery Municipal/Dannelly Field" null treemap$tree@1f13cd63
  7 "MHT" "Manchester" null null
  2 "MIA" "Miami International" treemap$tree@4d112e85 treemap$tree@2305454a
  6 "MKC" "Kansas City Downtown" null null
  5 "MKE" "Milwaukee General Mitchell International" treemap$tree@2f080f3c treemap$tree@3a204443
  6 "MLI" "Moline Quad City" null null
  4 "MOB" "Mobile Municipal/Bates Field" treemap$tree@1c61a885 treemap$tree@4f7ec251
  6 "MSN" "Madison (WI) Dane County Regional" null null
  5 "MSO" "Missoula County" treemap$tree@b077c9d treemap$tree@18862d13
  6 "MSP" "Minneapolis-St. Paul International" null treemap$tree@10f946f9
  7 "MSY" "New Orleans International" null null
  3 "OAJ" "Jacksonville (NC) Albert J. Ellis" treemap$tree@5da28e23 treemap$tree@5b21cbdb
  6 "OAK" "Oakland International" null null
  5 "OGG" "Kahului (HI)" treemap$tree@7cec59b treemap$tree@180f471e
  6 "OKC" "Oklahoma City Will Rogers World" null treemap$tree@13060ee9
  7 "OLM" "Olympia (WA)" null null
  4 "OMA" "Omaha Eppley Airfield" treemap$tree@72bcecc0 treemap$tree@515b6c19
  6 "ONT" "Ontario (CA) International" null null
  5 "ORD" "Chicago-O'Hare International" treemap$tree@49160709 treemap$tree@4528055b
  6 "ORF" "Norfolk International" null treemap$tree@4677bcd5
  7 "PBI" "Palm Beach International" null null
  1 "PDX" "Portland (OR) International" treemap$tree@5f0e6817 treemap$tree@2ad3eec2
  6 "PHF" "Newport News Patrick Henry International" null null
  5 "PHL" "Philadelphia International" treemap$tree@3fe01885 treemap$tree@1169e486
  6 "PHX" "Phoenix Sky Harbor International" null null
  4 "PIE" "St. Petersburg/Clearwater" treemap$tree@3f1a2258 treemap$tree@4cc4dfc5
  6 "PIT" "Pittsburgh International" null null
  5 "PSP" "Palm Springs Municipal" treemap$tree@113f25e3 treemap$tree@48d062ed
  6 "PVD" "Providence Theodore Francis Green State" null treemap$tree@690edaf3
  7 "PWM" "Portland (ME) International Jetport" null null
  3 "RDU" "Raleigh-Durham" treemap$tree@4e48bd67 treemap$tree@98add58
  6 "RIC" "Richmond International/Byrd Field" null null
  5 "RNO" "Reno Cannon International" treemap$tree@7bc9c14c treemap$tree@7ab1a411
  6 "ROC" "Rochester International" null null
  4 "RSW" "Ft. Meyers Southwest Florida Regional" treemap$tree@248a9705 treemap$tree@6c0dc01
  6 "SAN" "San Diego International/Lindbergh Field" null null
  5 "SAT" "San Antonio International" treemap$tree@5fabc91d treemap$tree@720bffd
  6 "SAV" "Savannah International" null treemap$tree@771c7eb2
  7 "SBA" "Santa Barbara Municipal" null null
  2 "SDF" "Louisville Standiford Field" treemap$tree@6fc21535 treemap$tree@2efe83e5
  6 "SEA" "Seattle-Tacoma International" null null
  5 "SFO" "San Francisco International" treemap$tree@4785477d treemap$tree@7f188439
  6 "SGF" "Springfield (MO) Regional" null null
  4 "SJC" "San Jose (CA) International" treemap$tree@2290fb5f treemap$tree@5c672bb3
  6 "SLC" "Salt Lake City International" null null
  5 "SMF" "Sacramento Metro" treemap$tree@79662429 treemap$tree@20d03e03
  6 "SNA" "Santa Ana/Orange County/John Wayne" null treemap$tree@479747c9
  7 "SPS" "Wichita Falls" null null
  3 "STL" "St. Louis/Lambert International" treemap$tree@1cea01d7 treemap$tree@471ed915
  6 "SUX" "Sioux City International" null null
  5 "SYR" "Syracuse Hancock International" treemap$tree@3a3e162d treemap$tree@4222023a
  6 "TOL" "Toledo Express" null treemap$tree@46c04fc1
  7 "TPA" "Tampa International" null null
  4 "TUL" "Tulsa International" treemap$tree@7bb42c30 treemap$tree@71c142c2
  6 "TUS" "Tucson International" null null
  5 "TYS" "Knoxville McGhee Tyson" treemap$tree@470608e6 treemap$tree@5d325877
  6 "UCA" "Utica/Oneida County" null treemap$tree@144e1c6e
  7 "YVR" "Vancouver International" null null
